{"/home/ubuntu/workspace/Fairshots/backend/.eslintrc.js": {"path":"/home/ubuntu/workspace/Fairshots/backend/.eslintrc.js","statementMap":{"0":{"start":{"line":1,"column":0},"end":{"line":null,"column":-1}}},"fnMap":{},"branchMap":{},"s":{"0":0},"f":{},"b":{}}
,"/home/ubuntu/workspace/Fairshots/backend/app.js": {"path":"/home/ubuntu/workspace/Fairshots/backend/app.js","statementMap":{"0":{"start":{"line":1,"column":13},"end":{"line":1,"column":28}},"1":{"start":{"line":2,"column":16},"end":{"line":2,"column":34}},"2":{"start":{"line":3,"column":19},"end":{"line":3,"column":41}},"3":{"start":{"line":4,"column":15},"end":{"line":4,"column":32}},"4":{"start":{"line":5,"column":17},"end":{"line":5,"column":36}},"5":{"start":{"line":7,"column":12},"end":{"line":7,"column":21}},"6":{"start":{"line":9,"column":0},"end":{"line":9,"column":27}},"7":{"start":{"line":10,"column":0},"end":{"line":10,"column":52}},"8":{"start":{"line":11,"column":0},"end":{"line":11,"column":23}},"9":{"start":{"line":12,"column":0},"end":{"line":12,"column":31}},"10":{"start":{"line":14,"column":0},"end":{"line":14,"column":29}},"11":{"start":{"line":16,"column":0},"end":{"line":18,"column":4}},"12":{"start":{"line":16,"column":27},"end":{"line":18,"column":2}},"13":{"start":{"line":20,"column":0},"end":{"line":20,"column":21}}},"fnMap":{"0":{"name":"(anonymous_0)","decl":{"start":{"line":16,"column":13},"end":{"line":16,"column":14}},"loc":{"start":{"line":16,"column":27},"end":{"line":18,"column":2}},"line":16}},"branchMap":{},"s":{"0":2,"1":2,"2":2,"3":2,"4":2,"5":2,"6":2,"7":2,"8":2,"9":2,"10":2,"11":2,"12":1,"13":2},"f":{"0":1},"b":{},"_coverageSchema":"332fd63041d2c1bcb487cc26dd0d5f7d97098a6c","hash":"ae6e93d05326a96389f13febad142121ec338d9f"}
,"/home/ubuntu/workspace/Fairshots/backend/server.js": {"path":"/home/ubuntu/workspace/Fairshots/backend/server.js","statementMap":{"0":{"start":{"line":1,"column":12},"end":{"line":1,"column":0}},"1":{"start":{"line":2,"column":13},"end":{"line":2,"column":0}},"2":{"start":{"line":4,"column":0},"end":{"line":null,"column":-1}},"3":{"start":{"line":5,"column":2},"end":{"line":9,"column":3}},"4":{"start":{"line":6,"column":4},"end":{"line":null,"column":-1}},"5":{"start":{"line":8,"column":4},"end":{"line":null,"column":-1}}},"fnMap":{"0":{"name":"(anonymous_0)","decl":{"start":{"line":4,"column":18},"end":{"line":4,"column":16}},"loc":{"start":{"line":4,"column":26},"end":{"line":4,"column":0}}}},"branchMap":{"0":{"loc":{"start":{"line":2,"column":13},"end":{"line":2,"column":12}},"type":"binary-expr","locations":[{"start":{"line":2,"column":13},"end":{"line":2,"column":12}},{"start":{"line":2,"column":33},"end":{"line":2,"column":0}}]},"1":{"loc":{"start":{"line":5,"column":2},"end":{"line":9,"column":3}},"type":"if","locations":[{"start":{"line":5,"column":2},"end":{"line":9,"column":3}},{"start":{"line":5,"column":2},"end":{"line":9,"column":3}}]}},"s":{"0":0,"1":0,"2":0,"3":0,"4":0,"5":0},"f":{"0":0},"b":{"0":[0,0],"1":[0,0]}}
,"/home/ubuntu/workspace/Fairshots/backend/config/auth.js": {"path":"/home/ubuntu/workspace/Fairshots/backend/config/auth.js","statementMap":{"0":{"start":{"line":1,"column":20},"end":{"line":1,"column":52}},"1":{"start":{"line":2,"column":17},"end":{"line":2,"column":51}},"2":{"start":{"line":3,"column":22},"end":{"line":3,"column":56}},"3":{"start":{"line":5,"column":21},"end":{"line":5,"column":58}},"4":{"start":{"line":7,"column":13},"end":{"line":7,"column":15}},"5":{"start":{"line":8,"column":0},"end":{"line":8,"column":61}},"6":{"start":{"line":9,"column":0},"end":{"line":9,"column":40}},"7":{"start":{"line":11,"column":0},"end":{"line":49,"column":1}},"8":{"start":{"line":14,"column":5},"end":{"line":24,"column":40}},"9":{"start":{"line":16,"column":7},"end":{"line":21,"column":8}},"10":{"start":{"line":17,"column":9},"end":{"line":20,"column":12}},"11":{"start":{"line":22,"column":7},"end":{"line":22,"column":32}},"12":{"start":{"line":24,"column":21},"end":{"line":24,"column":38}},"13":{"start":{"line":31,"column":6},"end":{"line":43,"column":8}},"14":{"start":{"line":33,"column":10},"end":{"line":33,"column":35}},"15":{"start":{"line":34,"column":9},"end":{"line":36,"column":10}},"16":{"start":{"line":35,"column":11},"end":{"line":35,"column":72}},"17":{"start":{"line":37,"column":9},"end":{"line":41,"column":12}},"18":{"start":{"line":39,"column":7},"end":{"line":40,"column":73}},"19":{"start":{"line":39,"column":16},"end":{"line":39,"column":48}},"20":{"start":{"line":40,"column":12},"end":{"line":40,"column":73}}},"fnMap":{"0":{"name":"(anonymous_0)","decl":{"start":{"line":13,"column":38},"end":{"line":13,"column":39}},"loc":{"start":{"line":13,"column":57},"end":{"line":25,"column":4}},"line":13},"1":{"name":"(anonymous_1)","decl":{"start":{"line":15,"column":11},"end":{"line":15,"column":12}},"loc":{"start":{"line":15,"column":19},"end":{"line":23,"column":6}},"line":15},"2":{"name":"(anonymous_2)","decl":{"start":{"line":24,"column":12},"end":{"line":24,"column":13}},"loc":{"start":{"line":24,"column":21},"end":{"line":24,"column":38}},"line":24},"3":{"name":"(anonymous_3)","decl":{"start":{"line":30,"column":5},"end":{"line":30,"column":6}},"loc":{"start":{"line":30,"column":32},"end":{"line":46,"column":5}},"line":30},"4":{"name":"(anonymous_4)","decl":{"start":{"line":32,"column":7},"end":{"line":32,"column":8}},"loc":{"start":{"line":32,"column":25},"end":{"line":43,"column":6}},"line":32},"5":{"name":"(anonymous_5)","decl":{"start":{"line":37,"column":53},"end":{"line":37,"column":54}},"loc":{"start":{"line":37,"column":60},"end":{"line":41,"column":10}},"line":37}},"branchMap":{"0":{"loc":{"start":{"line":16,"column":7},"end":{"line":21,"column":8}},"type":"if","locations":[{"start":{"line":16,"column":7},"end":{"line":21,"column":8}},{"start":{"line":16,"column":7},"end":{"line":21,"column":8}}],"line":16},"1":{"loc":{"start":{"line":34,"column":9},"end":{"line":36,"column":10}},"type":"if","locations":[{"start":{"line":34,"column":9},"end":{"line":36,"column":10}},{"start":{"line":34,"column":9},"end":{"line":36,"column":10}}],"line":34},"2":{"loc":{"start":{"line":39,"column":7},"end":{"line":40,"column":73}},"type":"if","locations":[{"start":{"line":39,"column":7},"end":{"line":40,"column":73}},{"start":{"line":39,"column":7},"end":{"line":40,"column":73}}],"line":39}},"s":{"0":2,"1":2,"2":2,"3":2,"4":2,"5":2,"6":2,"7":2,"8":0,"9":0,"10":0,"11":0,"12":0,"13":0,"14":0,"15":0,"16":0,"17":0,"18":0,"19":0,"20":0},"f":{"0":0,"1":0,"2":0,"3":0,"4":0,"5":0},"b":{"0":[0,0],"1":[0,0],"2":[0,0]},"_coverageSchema":"332fd63041d2c1bcb487cc26dd0d5f7d97098a6c","hash":"ff10c17ee70271dcbb210dd9e90a066375bfe26b"}
,"/home/ubuntu/workspace/Fairshots/backend/config/database.js": {"path":"/home/ubuntu/workspace/Fairshots/backend/config/database.js","statementMap":{"0":{"start":{"line":1,"column":0},"end":{"line":36,"column":1}}},"fnMap":{},"branchMap":{},"s":{"0":2},"f":{},"b":{},"_coverageSchema":"332fd63041d2c1bcb487cc26dd0d5f7d97098a6c","hash":"63dfc6f50de792baae2c667131aa9793b7ef6c77"}
,"/home/ubuntu/workspace/Fairshots/backend/migrations/20180428112231-create-photographer.js": {"path":"/home/ubuntu/workspace/Fairshots/backend/migrations/20180428112231-create-photographer.js","statementMap":{"0":{"start":{"line":2,"column":0},"end":{"line":null,"column":-1}},"1":{"start":{"line":4,"column":4},"end":{"line":null,"column":-1}},"2":{"start":{"line":56,"column":4},"end":{"line":null,"column":-1}}},"fnMap":{"0":{"name":"(anonymous_0)","decl":{"start":{"line":3,"column":6},"end":{"line":3,"column":7}},"loc":{"start":{"line":3,"column":37},"end":{"line":2,"column":17}}},"1":{"name":"(anonymous_1)","decl":{"start":{"line":55,"column":8},"end":{"line":55,"column":9}},"loc":{"start":{"line":55,"column":39},"end":{"line":57,"column":3}}}},"branchMap":{},"s":{"0":0,"1":0,"2":0},"f":{"0":0,"1":0},"b":{}}
,"/home/ubuntu/workspace/Fairshots/backend/src/controllers/index.js": {"path":"/home/ubuntu/workspace/Fairshots/backend/src/controllers/index.js","statementMap":{"0":{"start":{"line":1,"column":31},"end":{"line":1,"column":66}},"1":{"start":{"line":2,"column":24},"end":{"line":2,"column":52}},"2":{"start":{"line":5,"column":0},"end":{"line":9,"column":2}}},"fnMap":{},"branchMap":{},"s":{"0":2,"1":2,"2":2},"f":{},"b":{},"_coverageSchema":"332fd63041d2c1bcb487cc26dd0d5f7d97098a6c","hash":"18e11a1e0d76edb58dc5390753eb32c2253d5940"}
,"/home/ubuntu/workspace/Fairshots/backend/src/controllers/loginController.js": {"path":"/home/ubuntu/workspace/Fairshots/backend/src/controllers/loginController.js","statementMap":{"0":{"start":{"line":1,"column":12},"end":{"line":1,"column":35}},"1":{"start":{"line":2,"column":13},"end":{"line":2,"column":41}},"2":{"start":{"line":4,"column":0},"end":{"line":23,"column":3}},"3":{"start":{"line":8,"column":18},"end":{"line":15,"column":5}},"4":{"start":{"line":16,"column":4},"end":{"line":16,"column":23}},"5":{"start":{"line":17,"column":1},"end":{"line":21,"column":4}}},"fnMap":{"0":{"name":"(anonymous_0)","decl":{"start":{"line":4,"column":17},"end":{"line":4,"column":18}},"loc":{"start":{"line":4,"column":31},"end":{"line":23,"column":3}},"line":4}},"branchMap":{},"s":{"0":2,"1":2,"2":2,"3":0,"4":0,"5":0},"f":{"0":0},"b":{},"_coverageSchema":"332fd63041d2c1bcb487cc26dd0d5f7d97098a6c","hash":"a0a9895b38c7cdf8f358501dba11db522deafde2"}
,"/home/ubuntu/workspace/Fairshots/backend/src/controllers/photographerController.js": {"path":"/home/ubuntu/workspace/Fairshots/backend/src/controllers/photographerController.js","statementMap":{"0":{"start":{"line":1,"column":21},"end":{"line":1,"column":54}},"1":{"start":{"line":3,"column":0},"end":{"line":25,"column":2}},"2":{"start":{"line":5,"column":4},"end":{"line":23,"column":8}},"3":{"start":{"line":17,"column":28},"end":{"line":17,"column":62}},"4":{"start":{"line":19,"column":8},"end":{"line":19,"column":27}},"5":{"start":{"line":20,"column":8},"end":{"line":20,"column":36}}},"fnMap":{"0":{"name":"(anonymous_0)","decl":{"start":{"line":17,"column":12},"end":{"line":17,"column":13}},"loc":{"start":{"line":17,"column":28},"end":{"line":17,"column":62}},"line":17},"1":{"name":"(anonymous_1)","decl":{"start":{"line":18,"column":13},"end":{"line":18,"column":14}},"loc":{"start":{"line":18,"column":22},"end":{"line":22,"column":7}},"line":18}},"branchMap":{},"s":{"0":2,"1":2,"2":0,"3":0,"4":0,"5":0},"f":{"0":0,"1":0},"b":{},"_coverageSchema":"332fd63041d2c1bcb487cc26dd0d5f7d97098a6c","hash":"2ac93bc625324b9d52585c0289d3bed1353c2905"}
,"/home/ubuntu/workspace/Fairshots/backend/src/models/index.js": {"path":"/home/ubuntu/workspace/Fairshots/backend/src/models/index.js","statementMap":{"0":{"start":{"line":3,"column":18},"end":{"line":3,"column":31}},"1":{"start":{"line":4,"column":18},"end":{"line":4,"column":33}},"2":{"start":{"line":5,"column":18},"end":{"line":5,"column":38}},"3":{"start":{"line":6,"column":18},"end":{"line":6,"column":43}},"4":{"start":{"line":7,"column":18},"end":{"line":7,"column":55}},"5":{"start":{"line":8,"column":18},"end":{"line":8,"column":71}},"6":{"start":{"line":9,"column":18},"end":{"line":9,"column":20}},"7":{"start":{"line":13,"column":0},"end":{"line":17,"column":1}},"8":{"start":{"line":14,"column":2},"end":{"line":14,"column":74}},"9":{"start":{"line":16,"column":2},"end":{"line":16,"column":87}},"10":{"start":{"line":19,"column":0},"end":{"line":27,"column":5}},"11":{"start":{"line":22,"column":12},"end":{"line":22,"column":90}},"12":{"start":{"line":25,"column":18},"end":{"line":25,"column":65}},"13":{"start":{"line":26,"column":4},"end":{"line":26,"column":27}},"14":{"start":{"line":29,"column":0},"end":{"line":33,"column":3}},"15":{"start":{"line":30,"column":2},"end":{"line":32,"column":3}},"16":{"start":{"line":31,"column":4},"end":{"line":31,"column":32}},"17":{"start":{"line":35,"column":0},"end":{"line":35,"column":25}},"18":{"start":{"line":36,"column":0},"end":{"line":36,"column":25}},"19":{"start":{"line":38,"column":0},"end":{"line":38,"column":20}}},"fnMap":{"0":{"name":"(anonymous_0)","decl":{"start":{"line":22,"column":4},"end":{"line":22,"column":5}},"loc":{"start":{"line":22,"column":12},"end":{"line":22,"column":90}},"line":22},"1":{"name":"(anonymous_1)","decl":{"start":{"line":24,"column":11},"end":{"line":24,"column":12}},"loc":{"start":{"line":24,"column":19},"end":{"line":27,"column":3}},"line":24},"2":{"name":"(anonymous_2)","decl":{"start":{"line":29,"column":24},"end":{"line":29,"column":25}},"loc":{"start":{"line":29,"column":37},"end":{"line":33,"column":1}},"line":29}},"branchMap":{"0":{"loc":{"start":{"line":7,"column":18},"end":{"line":7,"column":55}},"type":"binary-expr","locations":[{"start":{"line":7,"column":18},"end":{"line":7,"column":38}},{"start":{"line":7,"column":42},"end":{"line":7,"column":55}}],"line":7},"1":{"loc":{"start":{"line":13,"column":0},"end":{"line":17,"column":1}},"type":"if","locations":[{"start":{"line":13,"column":0},"end":{"line":17,"column":1}},{"start":{"line":13,"column":0},"end":{"line":17,"column":1}}],"line":13},"2":{"loc":{"start":{"line":22,"column":12},"end":{"line":22,"column":90}},"type":"binary-expr","locations":[{"start":{"line":22,"column":13},"end":{"line":22,"column":36}},{"start":{"line":22,"column":42},"end":{"line":22,"column":59}},{"start":{"line":22,"column":65},"end":{"line":22,"column":89}}],"line":22},"3":{"loc":{"start":{"line":30,"column":2},"end":{"line":32,"column":3}},"type":"if","locations":[{"start":{"line":30,"column":2},"end":{"line":32,"column":3}},{"start":{"line":30,"column":2},"end":{"line":32,"column":3}}],"line":30}},"s":{"0":2,"1":2,"2":2,"3":2,"4":2,"5":2,"6":2,"7":2,"8":0,"9":2,"10":2,"11":4,"12":2,"13":2,"14":2,"15":2,"16":2,"17":2,"18":2,"19":2},"f":{"0":4,"1":2,"2":2},"b":{"0":[2,0],"1":[0,2],"2":[4,4,2],"3":[2,0]},"_coverageSchema":"332fd63041d2c1bcb487cc26dd0d5f7d97098a6c","hash":"cca4770800f797fc556b14cdc70a97049cea1f88"}
,"/home/ubuntu/workspace/Fairshots/backend/src/models/photographer.js": {"path":"/home/ubuntu/workspace/Fairshots/backend/src/models/photographer.js","statementMap":{"0":{"start":{"line":2,"column":15},"end":{"line":2,"column":32}},"1":{"start":{"line":4,"column":0},"end":{"line":66,"column":2}},"2":{"start":{"line":5,"column":23},"end":{"line":39,"column":4}},"3":{"start":{"line":40,"column":2},"end":{"line":46,"column":4}},"4":{"start":{"line":47,"column":2},"end":{"line":56,"column":5}},"5":{"start":{"line":48,"column":4},"end":{"line":54,"column":11}},"6":{"start":{"line":50,"column":12},"end":{"line":50,"column":41}},"7":{"start":{"line":53,"column":12},"end":{"line":53,"column":30}},"8":{"start":{"line":58,"column":2},"end":{"line":62,"column":3}},"9":{"start":{"line":60,"column":4},"end":{"line":60,"column":51}},"10":{"start":{"line":65,"column":2},"end":{"line":65,"column":22}}},"fnMap":{"0":{"name":"(anonymous_0)","decl":{"start":{"line":4,"column":17},"end":{"line":4,"column":18}},"loc":{"start":{"line":4,"column":43},"end":{"line":66,"column":1}},"line":4},"1":{"name":"(anonymous_1)","decl":{"start":{"line":40,"column":27},"end":{"line":40,"column":28}},"loc":{"start":{"line":40,"column":39},"end":{"line":46,"column":3}},"line":40},"2":{"name":"(anonymous_2)","decl":{"start":{"line":47,"column":28},"end":{"line":47,"column":29}},"loc":{"start":{"line":47,"column":55},"end":{"line":56,"column":3}},"line":47},"3":{"name":"(anonymous_3)","decl":{"start":{"line":49,"column":14},"end":{"line":49,"column":15}},"loc":{"start":{"line":49,"column":22},"end":{"line":51,"column":9}},"line":49},"4":{"name":"(anonymous_4)","decl":{"start":{"line":52,"column":15},"end":{"line":52,"column":16}},"loc":{"start":{"line":52,"column":22},"end":{"line":54,"column":9}},"line":52},"5":{"name":"(anonymous_5)","decl":{"start":{"line":58,"column":43},"end":{"line":58,"column":44}},"loc":{"start":{"line":58,"column":63},"end":{"line":62,"column":3}},"line":58}},"branchMap":{},"s":{"0":2,"1":2,"2":2,"3":2,"4":2,"5":0,"6":0,"7":0,"8":2,"9":0,"10":2},"f":{"0":2,"1":2,"2":0,"3":0,"4":0,"5":0},"b":{},"_coverageSchema":"332fd63041d2c1bcb487cc26dd0d5f7d97098a6c","hash":"fc4968a6c976735881f8aad9d44dde700c9d506d"}
,"/home/ubuntu/workspace/Fairshots/backend/src/routes/index.js": {"path":"/home/ubuntu/workspace/Fairshots/backend/src/routes/index.js","statementMap":{"0":{"start":{"line":1,"column":21},"end":{"line":1,"column":69}},"1":{"start":{"line":2,"column":17},"end":{"line":2,"column":36}},"2":{"start":{"line":3,"column":13},"end":{"line":3,"column":41}},"3":{"start":{"line":4,"column":14},"end":{"line":4,"column":55}},"4":{"start":{"line":6,"column":0},"end":{"line":6,"column":42}},"5":{"start":{"line":8,"column":0},"end":{"line":19,"column":2}},"6":{"start":{"line":11,"column":2},"end":{"line":13,"column":6}},"7":{"start":{"line":11,"column":32},"end":{"line":13,"column":4}},"8":{"start":{"line":15,"column":2},"end":{"line":15,"column":53}},"9":{"start":{"line":17,"column":2},"end":{"line":17,"column":78}}},"fnMap":{"0":{"name":"(anonymous_0)","decl":{"start":{"line":8,"column":17},"end":{"line":8,"column":18}},"loc":{"start":{"line":8,"column":26},"end":{"line":19,"column":1}},"line":8},"1":{"name":"(anonymous_1)","decl":{"start":{"line":11,"column":18},"end":{"line":11,"column":19}},"loc":{"start":{"line":11,"column":32},"end":{"line":13,"column":4}},"line":11}},"branchMap":{},"s":{"0":2,"1":2,"2":2,"3":2,"4":2,"5":2,"6":2,"7":1,"8":2,"9":2},"f":{"0":2,"1":1},"b":{},"_coverageSchema":"332fd63041d2c1bcb487cc26dd0d5f7d97098a6c","hash":"233e35b53b9f88e4e32d6c713119996d265ab0c9"}
}
